16:16:51,878  INFO org.springframework.context.support.AbstractApplicationContext.prepareRefresh(AbstractApplicationContext.java:582) - Refreshing org.springframework.context.support.ClassPathXmlApplicationContext@28f67ac7: startup date [Sat Jan 12 16:16:51 GMT+08:00 2019]; root of context hierarchy 
  16:16:52,012  INFO org.springframework.beans.factory.xml.XmlBeanDefinitionReader.loadBeanDefinitions(XmlBeanDefinitionReader.java:317) - Loading XML bean definitions from class path resource [spring-dao.xml] 
  16:16:52,244  INFO org.springframework.beans.factory.xml.XmlBeanDefinitionReader.loadBeanDefinitions(XmlBeanDefinitionReader.java:317) - Loading XML bean definitions from class path resource [spring-biz.xml] 
  16:16:55,400  INFO com.alibaba.druid.pool.DruidDataSource.init(DruidDataSource.java:847) - {dataSource-1} inited 
  16:17:22,888  INFO org.springframework.context.support.AbstractApplicationContext.prepareRefresh(AbstractApplicationContext.java:582) - Refreshing org.springframework.context.support.ClassPathXmlApplicationContext@28f67ac7: startup date [Sat Jan 12 16:17:22 GMT+08:00 2019]; root of context hierarchy 
  16:17:22,998  INFO org.springframework.beans.factory.xml.XmlBeanDefinitionReader.loadBeanDefinitions(XmlBeanDefinitionReader.java:317) - Loading XML bean definitions from class path resource [spring-dao.xml] 
  16:17:23,188  INFO org.springframework.beans.factory.xml.XmlBeanDefinitionReader.loadBeanDefinitions(XmlBeanDefinitionReader.java:317) - Loading XML bean definitions from class path resource [spring-biz.xml] 
  16:17:25,557  INFO com.alibaba.druid.pool.DruidDataSource.init(DruidDataSource.java:847) - {dataSource-1} inited 
  22:08:30,460  INFO org.springframework.context.support.AbstractApplicationContext.prepareRefresh(AbstractApplicationContext.java:582) - Refreshing org.springframework.context.support.ClassPathXmlApplicationContext@4563e9ab: startup date [Sat Jan 12 22:08:30 GMT+08:00 2019]; root of context hierarchy 
  22:08:30,588  INFO org.springframework.beans.factory.xml.XmlBeanDefinitionReader.loadBeanDefinitions(XmlBeanDefinitionReader.java:317) - Loading XML bean definitions from class path resource [spring-dao.xml] 
  22:08:31,466  INFO org.springframework.beans.factory.xml.XmlBeanDefinitionReader.loadBeanDefinitions(XmlBeanDefinitionReader.java:317) - Loading XML bean definitions from class path resource [spring-biz.xml] 
  22:08:34,945  INFO com.alibaba.druid.pool.DruidDataSource.init(DruidDataSource.java:847) - {dataSource-1} inited 
  22:11:27,119  INFO org.springframework.context.support.AbstractApplicationContext.prepareRefresh(AbstractApplicationContext.java:582) - Refreshing org.springframework.context.support.ClassPathXmlApplicationContext@4563e9ab: startup date [Sat Jan 12 22:11:27 GMT+08:00 2019]; root of context hierarchy 
  22:11:27,185  INFO org.springframework.beans.factory.xml.XmlBeanDefinitionReader.loadBeanDefinitions(XmlBeanDefinitionReader.java:317) - Loading XML bean definitions from class path resource [spring-dao.xml] 
  22:11:27,352  INFO org.springframework.beans.factory.xml.XmlBeanDefinitionReader.loadBeanDefinitions(XmlBeanDefinitionReader.java:317) - Loading XML bean definitions from class path resource [spring-biz.xml] 
  22:12:25,924  INFO org.springframework.context.support.AbstractApplicationContext.prepareRefresh(AbstractApplicationContext.java:582) - Refreshing org.springframework.context.support.ClassPathXmlApplicationContext@4563e9ab: startup date [Sat Jan 12 22:12:25 GMT+08:00 2019]; root of context hierarchy 
  22:12:25,995  INFO org.springframework.beans.factory.xml.XmlBeanDefinitionReader.loadBeanDefinitions(XmlBeanDefinitionReader.java:317) - Loading XML bean definitions from class path resource [spring-dao.xml] 
  22:12:26,153  INFO org.springframework.beans.factory.xml.XmlBeanDefinitionReader.loadBeanDefinitions(XmlBeanDefinitionReader.java:317) - Loading XML bean definitions from class path resource [spring-biz.xml] 
  22:15:10,197  INFO org.springframework.context.support.AbstractApplicationContext.prepareRefresh(AbstractApplicationContext.java:582) - Refreshing org.springframework.context.support.ClassPathXmlApplicationContext@4563e9ab: startup date [Sat Jan 12 22:15:10 GMT+08:00 2019]; root of context hierarchy 
  22:15:10,283  INFO org.springframework.beans.factory.xml.XmlBeanDefinitionReader.loadBeanDefinitions(XmlBeanDefinitionReader.java:317) - Loading XML bean definitions from class path resource [spring-dao.xml] 
  22:15:10,423  INFO org.springframework.beans.factory.xml.XmlBeanDefinitionReader.loadBeanDefinitions(XmlBeanDefinitionReader.java:317) - Loading XML bean definitions from class path resource [spring-biz.xml] 
  22:15:54,975  INFO org.springframework.context.support.AbstractApplicationContext.prepareRefresh(AbstractApplicationContext.java:582) - Refreshing org.springframework.context.support.ClassPathXmlApplicationContext@4563e9ab: startup date [Sat Jan 12 22:15:54 GMT+08:00 2019]; root of context hierarchy 
  22:15:55,040  INFO org.springframework.beans.factory.xml.XmlBeanDefinitionReader.loadBeanDefinitions(XmlBeanDefinitionReader.java:317) - Loading XML bean definitions from class path resource [spring-dao.xml] 
  22:15:55,185  INFO org.springframework.beans.factory.xml.XmlBeanDefinitionReader.loadBeanDefinitions(XmlBeanDefinitionReader.java:317) - Loading XML bean definitions from class path resource [spring-biz.xml] 
  22:17:38,228  INFO org.springframework.context.support.AbstractApplicationContext.prepareRefresh(AbstractApplicationContext.java:582) - Refreshing org.springframework.context.support.ClassPathXmlApplicationContext@4563e9ab: startup date [Sat Jan 12 22:17:38 GMT+08:00 2019]; root of context hierarchy 
  22:17:38,294  INFO org.springframework.beans.factory.xml.XmlBeanDefinitionReader.loadBeanDefinitions(XmlBeanDefinitionReader.java:317) - Loading XML bean definitions from class path resource [spring-dao.xml] 
  22:17:38,449  INFO org.springframework.beans.factory.xml.XmlBeanDefinitionReader.loadBeanDefinitions(XmlBeanDefinitionReader.java:317) - Loading XML bean definitions from class path resource [spring-biz.xml] 
  22:17:39,845  INFO com.alibaba.druid.pool.DruidDataSource.init(DruidDataSource.java:847) - {dataSource-1} inited 
  